<?xml version="1.0" encoding="UTF-8"?>
<testsuite xmlns:xsi="http://www.w3.org/2001/XMLSchema-instance" xsi:schemaLocation="https://maven.apache.org/surefire/maven-surefire-plugin/xsd/surefire-test-report.xsd" name="TestSuite" time="12.05" tests="2" errors="0" skipped="0" failures="0">
  <properties>
    <property name="PROCESSOR_ARCHITECTURE" value="AMD64"/>
    <property name="file.encoding.pkg" value="sun.io"/>
    <property name="LOGONSERVER" value="\\ATMECSAD-01"/>
    <property name="ProgramData" value="C:\ProgramData"/>
    <property name="java.home" value="C:\Program Files\Java\jdk1.7.0_79\jre"/>
    <property name="TITLE" value="Tomcat"/>
    <property name="NODE_NAME" value="master"/>
    <property name="JENKINS_URL" value="http://localhost:8080/jenkins/"/>
    <property name="CATALINA_HOME" value="C:\apache-tomcat-7.0.64"/>
    <property name="ALLUSERSPROFILE" value="C:\ProgramData"/>
    <property name="java.endorsed.dirs" value="C:\Program Files\Java\jdk1.7.0_79\jre\lib\endorsed"/>
    <property name="PSModulePath" value="C:\Windows\system32\WindowsPowerShell\v1.0\Modules\;C:\Program Files (x86)\AutoIt3\AutoItX"/>
    <property name="=::" value="::\"/>
    <property name="USERDOMAIN" value="ATMECS"/>
    <property name="sun.os.patch.level" value="Service Pack 1"/>
    <property name="java.vendor.url" value="http://java.oracle.com/"/>
    <property name="JAVA_OPTS" value=" -Djava.util.logging.config.file=&quot;C:\apache-tomcat-7.0.64\conf\logging.properties&quot; -Djava.util.logging.manager=org.apache.juli.ClassLoaderLogManager"/>
    <property name="CommonProgramFiles(x86)" value="C:\Program Files (x86)\Common Files"/>
    <property name="java.version" value="1.7.0_79"/>
    <property name="JOB_NAME" value="UI_Demo"/>
    <property name="COMPUTERNAME" value="ATMECSINDT-041"/>
    <property name="windows_tracing_logfile" value="C:\BVTBin\Tests\installpackage\csilogfile.log"/>
    <property name="EXECUTABLE" value="C:\apache-tomcat-7.0.64\bin\catalina.bat"/>
    <property name="ANDROID_HOME" value="C:\Users\suhas.gosavi\AppData\Local\Android\sdk"/>
    <property name="java.vendor.url.bug" value="http://bugreport.sun.com/bugreport/"/>
    <property name="PUBLIC" value="C:\Users\Public"/>
    <property name="user.name" value="Suhas.Gosavi"/>
    <property name="sun.io.unicode.encoding" value="UnicodeLittle"/>
    <property name="sun.jnu.encoding" value="Cp1252"/>
    <property name="java.runtime.name" value="Java(TM) SE Runtime Environment"/>
    <property name="windir" value="C:\Windows"/>
    <property name="PROCESSOR_IDENTIFIER" value="Intel64 Family 6 Model 60 Stepping 3, GenuineIntel"/>
    <property name="java.specification.name" value="Java Platform API Specification"/>
    <property name="LOCALAPPDATA" value="C:\Users\suhas.gosavi\AppData\Local"/>
    <property name="user.timezone" value="Asia/Calcutta"/>
    <property name="user.script" value=""/>
    <property name="path.separator" value=";"/>
    <property name="NUMBER_OF_PROCESSORS" value="4"/>
    <property name="BUILD_TAG" value="jenkins-UI_Demo-11"/>
    <property name="windows_tracing_flags" value="3"/>
    <property name="file.encoding" value="Cp1252"/>
    <property name="sun.java.command" value="jenkins.maven3.agent.Maven31Main C:\apache-maven-3.3.3 C:\apache-tomcat-7.0.64\webapps\jenkins\WEB-INF\lib\remoting-2.53.3.jar C:\Users\suhas.gosavi\.jenkins\plugins\maven-plugin\WEB-INF\lib\maven31-interceptor-1.5.jar C:\Users\suhas.gosavi\.jenkins\plugins\maven-plugin\WEB-INF\lib\maven3-interceptor-commons-1.5.jar 57126"/>
    <property name="HUDSON_URL" value="http://localhost:8080/jenkins/"/>
    <property name="JENKINS_SERVER_COOKIE" value="35a9330797589231"/>
    <property name="EXECUTOR_NUMBER" value="0"/>
    <property name="Path" value="C:\Program Files\Java\jdk1.7.0_79/bin;C:\apache-maven-3.3.3\bin;C:\Program Files\Java\jdk1.7.0_79\bin;C:\Windows\system32;C:\Windows;C:\Windows\System32\Wbem;C:\Windows\System32\WindowsPowerShell\v1.0\;C:\Program Files (x86)\Intel\OpenCL SDK\3.0\bin\x86;C:\Program Files (x86)\Intel\OpenCL SDK\3.0\bin\x64;C:\Program Files\Git\cmd;C:\Users\suhas.gosavi\AppData\Local\Android\sdk\platform-tools;C:\Users\suhas.gosavi\AppData\Local\Android\sdk\tools;"/>
    <property name="java.io.tmpdir" value="C:\Users\SUHAS~1.GOS\AppData\Local\Temp\"/>
    <property name="APPDATA" value="C:\Users\suhas.gosavi\AppData\Roaming"/>
    <property name="user.language" value="en"/>
    <property name="CATALINA_TMPDIR" value="C:\apache-tomcat-7.0.64\temp"/>
    <property name="line.separator" value="&#10;"/>
    <property name="BUILD_URL" value="http://localhost:8080/jenkins/job/UI_Demo/11/"/>
    <property name="JAVA_ENDORSED_DIRS" value="C:\apache-tomcat-7.0.64\endorsed"/>
    <property name="ACTION" value="start"/>
    <property name="M2_HOME" value="C:\apache-maven-3.3.3"/>
    <property name="=C:" value="C:\apache-tomcat-7.0.64\bin"/>
    <property name="java.vm.info" value="mixed mode"/>
    <property name="sun.desktop" value="windows"/>
    <property name="java.vm.specification.name" value="Java Virtual Machine Specification"/>
    <property name="BUILD_DISPLAY_NAME" value="#11"/>
    <property name="OS" value="Windows_NT"/>
    <property name="guice.disable.misplaced.annotation.check" value="true"/>
    <property name="CATALINA_BASE" value="C:\apache-tomcat-7.0.64"/>
    <property name="HUDSON_SERVER_COOKIE" value="35a9330797589231"/>
    <property name="JRE_HOME" value="C:\Program Files\Java\jdk1.7.0_79"/>
    <property name="_EXECJAVA" value="start &quot;Tomcat&quot; &quot;C:\Program Files\Java\jdk1.7.0_79\bin\java.exe&quot;"/>
    <property name="_RUNJAVA" value="&quot;C:\Program Files\Java\jdk1.7.0_79\bin\java.exe&quot;"/>
    <property name="MAVEN_HOME" value="C:\apache-maven-3.3.3"/>
    <property name="SESSIONNAME" value="Console"/>
    <property name="PATHEXT" value=".COM;.EXE;.BAT;.CMD;.VBS;.VBE;.JS;.JSE;.WSF;.WSH;.MSC"/>
    <property name="java.awt.printerjob" value="sun.awt.windows.WPrinterJob"/>
    <property name="maven3.interceptor.common" value="C:\Users\suhas.gosavi\.jenkins\plugins\maven-plugin\WEB-INF\lib\maven3-interceptor-commons-1.5.jar"/>
    <property name="CLASSPATH" value=""/>
    <property name="LOGGING_CONFIG" value="-Djava.util.logging.config.file=&quot;C:\apache-tomcat-7.0.64\conf\logging.properties&quot;"/>
    <property name="HOMEPATH" value="\Users\suhas.gosavi"/>
    <property name="os.name" value="Windows 7"/>
    <property name="java.specification.vendor" value="Oracle Corporation"/>
    <property name="FP_NO_HOST_CHECK" value="NO"/>
    <property name="java.vm.name" value="Java HotSpot(TM) 64-Bit Server VM"/>
    <property name="BUILD_NUMBER" value="11"/>
    <property name="maven3.interceptor" value="C:\Users\suhas.gosavi\.jenkins\plugins\maven-plugin\WEB-INF\lib\maven31-interceptor-1.5.jar"/>
    <property name="java.library.path" value="C:\Program Files\Java\jdk1.7.0_79\bin;C:\Windows\Sun\Java\bin;C:\Windows\system32;C:\Windows;C:\apache-maven-3.3.3/bin;C:\Program Files\Java\jdk1.7.0_79/bin;C:\Program Files\Java\jdk1.7.0_79/bin;C:\apache-maven-3.3.3\bin;C:\Program Files\Java\jdk1.7.0_79\bin;C:\Windows\system32;C:\Windows;C:\Windows\System32\Wbem;C:\Windows\System32\WindowsPowerShell\v1.0\;C:\Program Files (x86)\Intel\OpenCL SDK\3.0\bin\x86;C:\Program Files (x86)\Intel\OpenCL SDK\3.0\bin\x64;C:\Program Files\Git\cmd;C:\Users\suhas.gosavi\AppData\Local\Android\sdk\platform-tools;C:\Users\suhas.gosavi\AppData\Local\Android\sdk\tools;;."/>
    <property name="HOMEDRIVE" value="C:"/>
    <property name="POM_GROUPID" value="com.glukoo"/>
    <property name="POM_ARTIFACTID" value="sample_demo"/>
    <property name="java.class.version" value="51.0"/>
    <property name="LOGGING_MANAGER" value="-Djava.util.logging.manager=org.apache.juli.ClassLoaderLogManager"/>
    <property name="_RUNJDB" value="&quot;C:\Program Files\Java\jdk1.7.0_79\bin\jdb.exe&quot;"/>
    <property name="JOB_URL" value="http://localhost:8080/jenkins/job/UI_Demo/"/>
    <property name="VBOX_MSI_INSTALL_PATH" value="C:\Program Files\Oracle\VirtualBox\"/>
    <property name="MAINCLASS" value="org.apache.catalina.startup.Bootstrap"/>
    <property name="JENKINS_HOME" value="C:\Users\suhas.gosavi\.jenkins"/>
    <property name="BUILD_ID" value="11"/>
    <property name="TEMP" value="C:\Users\SUHAS~1.GOS\AppData\Local\Temp"/>
    <property name="sun.boot.library.path" value="C:\Program Files\Java\jdk1.7.0_79\jre\bin"/>
    <property name="sun.management.compiler" value="HotSpot 64-Bit Tiered Compilers"/>
    <property name="java.awt.graphicsenv" value="sun.awt.Win32GraphicsEnvironment"/>
    <property name="user.variant" value=""/>
    <property name="PROCESSOR_REVISION" value="3c03"/>
    <property name="POM_VERSION" value="0.0.1-SNAPSHOT"/>
    <property name="HUDSON_HOME" value="C:\Users\suhas.gosavi\.jenkins"/>
    <property name="ProgramFiles(x86)" value="C:\Program Files (x86)"/>
    <property name="PATH+MAVEN" value="C:\apache-maven-3.3.3/bin"/>
    <property name="SCITE_USERHOME" value="C:\Users\suhas.gosavi\AppData\Local\AutoIt v3\SciTE"/>
    <property name="PROMPT" value="$P$G"/>
    <property name="CURRENT_DIR" value="C:\apache-tomcat-7.0.64\bin"/>
    <property name="java.vm.specification.version" value="1.7"/>
    <property name="JAVA_HOME" value="C:\Program Files\Java\jdk1.7.0_79"/>
    <property name="awt.toolkit" value="sun.awt.windows.WToolkit"/>
    <property name="NODE_LABELS" value="master"/>
    <property name="sun.cpu.isalist" value="amd64"/>
    <property name="USERPROFILE" value="C:\Users\suhas.gosavi"/>
    <property name="java.ext.dirs" value="C:\Program Files\Java\jdk1.7.0_79\jre\lib\ext;C:\Windows\Sun\Java\lib\ext"/>
    <property name="os.version" value="6.1"/>
    <property name="user.home" value="C:\Users\suhas.gosavi"/>
    <property name="USERNAME" value="Suhas.Gosavi"/>
    <property name="java.vm.vendor" value="Oracle Corporation"/>
    <property name="PROCESSOR_LEVEL" value="6"/>
    <property name="USERDNSDOMAIN" value="ATMECS.CORP"/>
    <property name="CommonProgramW6432" value="C:\Program Files\Common Files"/>
    <property name="user.dir" value="C:\Users\suhas.gosavi\Desktop\ASA_1 Demo\sample_demo"/>
    <property name="ProgramW6432" value="C:\Program Files"/>
    <property name="TMP" value="C:\Users\SUHAS~1.GOS\AppData\Local\Temp"/>
    <property name="sun.cpu.endian" value="little"/>
    <property name="SystemDrive" value="C:"/>
    <property name="java.vm.version" value="24.79-b02"/>
    <property name="java.class.path" value="C:\Users\suhas.gosavi\.jenkins\plugins\maven-plugin\WEB-INF\lib\maven31-agent-1.5.jar;C:\apache-maven-3.3.3\boot\plexus-classworlds-2.5.2.jar;C:\apache-maven-3.3.3/conf/logging"/>
    <property name="org.slf4j.simpleLogger.defaultLogLevel" value="info"/>
    <property name="os.arch" value="amd64"/>
    <property name="WORKSPACE" value="C:\Users\suhas.gosavi\.jenkins\jobs\UI_Demo\workspace"/>
    <property name="ComSpec" value="C:\Windows\system32\cmd.exe"/>
    <property name="sun.java.launcher" value="SUN_STANDARD"/>
    <property name="SystemRoot" value="C:\Windows"/>
    <property name="CommonProgramFiles" value="C:\Program Files\Common Files"/>
    <property name="java.vm.specification.vendor" value="Oracle Corporation"/>
    <property name="file.separator" value="\"/>
    <property name="java.runtime.version" value="1.7.0_79-b15"/>
    <property name="ProgramFiles" value="C:\Program Files"/>
    <property name="sun.boot.class.path" value="C:\Program Files\Java\jdk1.7.0_79\jre\lib\resources.jar;C:\Program Files\Java\jdk1.7.0_79\jre\lib\rt.jar;C:\Program Files\Java\jdk1.7.0_79\jre\lib\sunrsasign.jar;C:\Program Files\Java\jdk1.7.0_79\jre\lib\jsse.jar;C:\Program Files\Java\jdk1.7.0_79\jre\lib\jce.jar;C:\Program Files\Java\jdk1.7.0_79\jre\lib\charsets.jar;C:\Program Files\Java\jdk1.7.0_79\jre\lib\jfr.jar;C:\Program Files\Java\jdk1.7.0_79\jre\classes"/>
    <property name="PATH+JDK" value="C:\Program Files\Java\jdk1.7.0_79/bin"/>
    <property name="user.country" value="US"/>
    <property name="POM_PACKAGING" value="jar"/>
    <property name="maven.home" value="C:\apache-maven-3.3.3"/>
    <property name="java.vendor" value="Oracle Corporation"/>
    <property name="POM_DISPLAYNAME" value="sample_demo"/>
    <property name="java.specification.version" value="1.7"/>
    <property name="sun.arch.data.model" value="64"/>
  </properties>
  <testcase name="testScenario1" classname="com.glukoo.testscript.SampleTestScript" time="11.642"/>
  <testcase name="testScenario2" classname="com.glukoo.testscript.SampleTestScript" time="0"/>
</testsuite>