<?xml version="1.0" encoding="UTF-8"?>
<!-- Generated by org.testng.reporters.JUnitReportReporter -->
<testsuite hostname="ATMECSINDT-041" name="com.glukoo.testscript.SampleTestScript" tests="2" failures="0" timestamp="10 May 2016 11:15:06 GMT" time="7.712" errors="0">
  <testcase name="testScenario2" time="0.000" classname="com.glukoo.testscript.SampleTestScript"/>
  <testcase name="testScenario1" time="7.712" classname="com.glukoo.testscript.SampleTestScript"/>
</testsuite> <!-- com.glukoo.testscript.SampleTestScript -->
