<?xml version="1.0" encoding="UTF-8"?>
<!-- Generated by org.testng.reporters.JUnitReportReporter -->
<testsuite hostname="ATMECSINDT-041" name="com.glukoo.testscript.SampleTestScript" tests="2" failures="0" timestamp="11 May 2016 06:28:56 GMT" time="11.643" errors="0">
  <testcase name="testScenario2" time="0.001" classname="com.glukoo.testscript.SampleTestScript"/>
  <testcase name="testScenario1" time="11.642" classname="com.glukoo.testscript.SampleTestScript"/>
</testsuite> <!-- com.glukoo.testscript.SampleTestScript -->
